#
# There is insufficient memory for the Java Runtime Environment to continue.
# Native memory allocation (mmap) failed to map 912261120 bytes for G1 virtual space
# Possible reasons:
#   The system is out of physical RAM or swap space
#   The process is running with CompressedOops enabled, and the Java Heap may be blocking the growth of the native heap
# Possible solutions:
#   Reduce memory load on the system
#   Increase physical memory or swap space
#   Check if swap backing store is full
#   Decrease Java heap size (-Xmx/-Xms)
#   Decrease number of Java threads
#   Decrease Java thread stack sizes (-Xss)
#   Set larger code cache with -XX:ReservedCodeCacheSize=
#   JVM is running with Zero Based Compressed Oops mode in which the Java heap is
#     placed in the first 32GB address space. The Java Heap base address is the
#     maximum limit for the native heap growth. Please use -XX:HeapBaseMinAddress
#     to set the Java Heap base and to place the Java Heap above 32GB virtual address.
# This output file may be truncated or incomplete.
#
#  Out of Memory Error (./open/src/hotspot/os/windows/os_windows.cpp:3321), pid=11088, tid=5424
#
# JRE version: OpenJDK Runtime Environment (15.0.2+7) (build 15.0.2+7-27)
# Java VM: OpenJDK 64-Bit Server VM (15.0.2+7-27, mixed mode, tiered, compressed oops, g1 gc, windows-amd64)
# No core dump will be written. Minidumps are not enabled by default on client versions of Windows
#

---------------  S U M M A R Y ------------

Command Line: -Dfile.encoding=Cp1252 -XX:+ShowCodeDetailsInExceptionMessages main.DagHomIEFltSimMain Email_lb20.dag lb20_cyc_m_2Eviews_q9.qry

Host: Intel(R) Core(TM) i7-7700HQ CPU @ 2.80GHz, 8 cores, 15G,  Windows 10 , 64 bit Build 19041 (10.0.19041.1151)
Time: Wed Aug 18 10:43:41 2021 Eastern Daylight Time elapsed time: 1.509492 seconds (0d 0h 0m 1s)

---------------  T H R E A D  ---------------

Current thread (0x00000236f3401ce0):  VMThread "VM Thread" [stack: 0x000000c020c00000,0x000000c020d00000] [id=5424]

Stack: [0x000000c020c00000,0x000000c020d00000]
[error occurred during error reporting (printing stack bounds), id 0xc0000005, EXCEPTION_ACCESS_VIOLATION (0xc0000005) at pc=0x00000236d76d10ad]

Native frames: (J=compiled Java code, j=interpreted, Vv=VM code, C=native code)
V  [jvm.dll+0x62ae9a]
V  [jvm.dll+0x7817a9]
V  [jvm.dll+0x782f03]
V  [jvm.dll+0x7834c5]
V  [jvm.dll+0x78347b]
V  [jvm.dll+0x62a2b9]
V  [jvm.dll+0x62aa88]
C  [ntdll.dll+0xa217f]
C  [ntdll.dll+0x51454]
C  [ntdll.dll+0xa0cae]
C  0x00000236d76d10ad

VM_Operation (0x000000c0206feb10): G1CollectForAllocation, mode: safepoint, requested by thread 0x00000236d3cb6210


---------------  P R O C E S S  ---------------

Threads class SMR info:
_java_thread_list=0x00000236f3a627f0, length=12, elements={
0x00000236d3cb6210, 0x00000236f343b020, 0x00000236f3443a30, 0x00000236f34660b0,
0x00000236f346a990, 0x00000236f346baf0, 0x00000236f346d720, 0x00000236f3477c60,
0x00000236f347bc90, 0x00000236f3622970, 0x00000236f35fd4b0, 0x00000236f3aba420
}

Java Threads: ( => current thread )
  0x00000236d3cb6210 JavaThread "main" [_thread_blocked, id=16860, stack(0x000000c020600000,0x000000c020700000)]
  0x00000236f343b020 JavaThread "Reference Handler" daemon [_thread_blocked, id=14316, stack(0x000000c020d00000,0x000000c020e00000)]
  0x00000236f3443a30 JavaThread "Finalizer" daemon [_thread_blocked, id=9136, stack(0x000000c020e00000,0x000000c020f00000)]
  0x00000236f34660b0 JavaThread "Signal Dispatcher" daemon [_thread_blocked, id=2448, stack(0x000000c020f00000,0x000000c021000000)]
  0x00000236f346a990 JavaThread "Attach Listener" daemon [_thread_blocked, id=17836, stack(0x000000c021000000,0x000000c021100000)]
  0x00000236f346baf0 JavaThread "Service Thread" daemon [_thread_blocked, id=9936, stack(0x000000c021100000,0x000000c021200000)]
  0x00000236f346d720 JavaThread "C2 CompilerThread0" daemon [_thread_blocked, id=12024, stack(0x000000c021200000,0x000000c021300000)]
  0x00000236f3477c60 JavaThread "C1 CompilerThread0" daemon [_thread_blocked, id=16260, stack(0x000000c021300000,0x000000c021400000)]
  0x00000236f347bc90 JavaThread "Sweeper thread" daemon [_thread_blocked, id=14720, stack(0x000000c021400000,0x000000c021500000)]
  0x00000236f3622970 JavaThread "Notification Thread" daemon [_thread_blocked, id=3084, stack(0x000000c021500000,0x000000c021600000)]
  0x00000236f35fd4b0 JavaThread "Common-Cleaner" daemon [_thread_blocked, id=14852, stack(0x000000c021700000,0x000000c021800000)]
  0x00000236f3aba420 JavaThread "C2 CompilerThread1" daemon [_thread_blocked, id=16024, stack(0x000000c022000000,0x000000c022100000)]

Other Threads:
=>0x00000236f3401ce0 VMThread "VM Thread" [stack: 0x000000c020c00000,0x000000c020d00000] [id=5424]
  0x00000236f35fd1a0 WatcherThread [stack: 0x000000c021600000,0x000000c021700000] [id=4208]
  0x00000236d3d069c0 GCTaskThread "GC Thread#0" [stack: 0x000000c020700000,0x000000c020800000] [id=12380]
  0x00000236f379d700 GCTaskThread "GC Thread#1" [stack: 0x000000c021a00000,0x000000c021b00000] [id=17980]
  0x00000236f379c710 GCTaskThread "GC Thread#2" [stack: 0x000000c021b00000,0x000000c021c00000] [id=17992]
  0x00000236f379b720 GCTaskThread "GC Thread#3" [stack: 0x000000c021c00000,0x000000c021d00000] [id=1368]
  0x00000236f379d3d0 GCTaskThread "GC Thread#4" [stack: 0x000000c021d00000,0x000000c021e00000] [id=8152]
  0x00000236f379c0b0 GCTaskThread "GC Thread#5" [stack: 0x000000c021e00000,0x000000c021f00000] [id=5092]
  0x00000236f379b3f0 GCTaskThread "GC Thread#6" [stack: 0x000000c022100000,0x000000c022200000] [id=4060]
  0x00000236f379ba50 GCTaskThread "GC Thread#7" [stack: 0x000000c022200000,0x000000c022300000] [id=7520]
  0x00000236d3d18100 ConcurrentGCThread "G1 Main Marker" [stack: 0x000000c020800000,0x000000c020900000] [id=13576]
  0x00000236d3d19c90 ConcurrentGCThread "G1 Conc#0" [stack: 0x000000c020900000,0x000000c020a00000] [id=9132]
  0x00000236f2a2a110 ConcurrentGCThread "G1 Refine#0" [stack: 0x000000c020a00000,0x000000c020b00000] [id=1392]
  0x00000236f3df6e40 ConcurrentGCThread "G1 Refine#1" [stack: 0x000000c021800000,0x000000c021900000] [id=15164]
  0x00000236f3e18df0 ConcurrentGCThread "G1 Refine#2" [stack: 0x000000c021900000,0x000000c021a00000] [id=17744]
  0x00000236f3ef3e80 ConcurrentGCThread "G1 Refine#3" [stack: 0x000000c021f00000,0x000000c022000000] [id=10288]
  0x00000236f3df1f60 ConcurrentGCThread "G1 Refine#4" [stack: 0x000000c022300000,0x000000c022400000] [id=13188]
  0x00000236f3920c80 ConcurrentGCThread "G1 Refine#5" [stack: 0x000000c022400000,0x000000c022500000] [id=11820]
  0x00000236f4315830 ConcurrentGCThread "G1 Refine#6" [stack: 0x000000c022500000,0x000000c022600000] [id=3348]
  0x00000236f3abb950 ConcurrentGCThread "G1 Refine#7" [stack: 0x000000c022600000,0x000000c022700000] [id=14600]
  0x00000236f2a2aba0 ConcurrentGCThread "G1 Young RemSet Sampling" [stack: 0x000000c020b00000,0x000000c020c00000] [id=5116]

Threads with active compile tasks:

VM state: at safepoint (normal execution)

VM Mutex/Monitor currently owned by a thread:  ([mutex/lock_event])
[0x00000236d3cb1be0] Threads_lock - owner thread: 0x00000236f3401ce0
[0x00000236d3cb2b10] Heap_lock - owner thread: 0x00000236d3cb6210

Heap address: 0x0000000701c00000, size: 4068 MB, Compressed Oops mode: Zero based, Oop shift amount: 3
CDS disabled.
Compressed class space mapped at: 0x0000000800000000-0x0000000840000000, size: 1073741824
Narrow klass base: 0x0000000800000000, Narrow klass shift: 0, Narrow klass range: 0x40000000

GC Precious Log:
 CPUs: 8 total, 8 available
 Memory: 16267M
 Large Page Support: Disabled
 NUMA Support: Disabled
 Compressed Oops: Enabled (Zero based)
 Heap Region Size: 2M
 Heap Min Capacity: 8M
 Heap Initial Capacity: 256M
 Heap Max Capacity: 4068M
 Pre-touch: Disabled
 Parallel Workers: 8
 Concurrent Workers: 2
 Concurrent Refinement Workers: 8
 Periodic GC: Disabled

Heap:
 garbage-first heap   total 1415168K, used 155648K [0x0000000701c00000, 0x0000000800000000)
  region size 2048K, 5 young (10240K), 5 survivors (10240K)
 Metaspace       used 6444K, capacity 6515K, committed 6784K, reserved 1056768K
  class space    used 500K, capacity 529K, committed 640K, reserved 1048576K

Heap Regions: E=young(eden), S=young(survivor), O=old, HS=humongous(starts), HC=humongous(continues), CS=collection set, F=free, OA=open archive, CA=closed archive, TAMS=top-at-mark-start (previous, next)
|   0|0x0000000701c00000, 0x0000000701e00000, 0x0000000701e00000|100%|HS|  |TAMS 0x0000000701c00000, 0x0000000701c00000| Complete 
|   1|0x0000000701e00000, 0x0000000702000000, 0x0000000702000000|100%|HS|  |TAMS 0x0000000701e00000, 0x0000000701e00000| Complete 
|   2|0x0000000702000000, 0x0000000702200000, 0x0000000702200000|100%|HS|  |TAMS 0x0000000702000000, 0x0000000702000000| Complete 
|   3|0x0000000702200000, 0x0000000702400000, 0x0000000702400000|100%| O|  |TAMS 0x0000000702200000, 0x0000000702200000| Untracked 
|   4|0x0000000702400000, 0x0000000702600000, 0x0000000702600000|100%| O|  |TAMS 0x0000000702400000, 0x0000000702400000| Untracked 
|   5|0x0000000702600000, 0x0000000702800000, 0x0000000702800000|100%| O|  |TAMS 0x0000000702600000, 0x0000000702600000| Untracked 
|   6|0x0000000702800000, 0x0000000702a00000, 0x0000000702a00000|100%| O|  |TAMS 0x0000000702800000, 0x0000000702800000| Untracked 
|   7|0x0000000702a00000, 0x0000000702c00000, 0x0000000702c00000|100%| O|  |TAMS 0x0000000702a00000, 0x0000000702a00000| Untracked 
|   8|0x0000000702c00000, 0x0000000702e00000, 0x0000000702e00000|100%| O|  |TAMS 0x0000000702c00000, 0x0000000702c00000| Untracked 
|   9|0x0000000702e00000, 0x0000000703000000, 0x0000000703000000|100%| O|  |TAMS 0x0000000702e00000, 0x0000000702e00000| Untracked 
|  10|0x0000000703000000, 0x0000000703200000, 0x0000000703200000|100%| O|  |TAMS 0x0000000703000000, 0x0000000703000000| Untracked 
|  11|0x0000000703200000, 0x0000000703400000, 0x0000000703400000|100%| O|  |TAMS 0x0000000703200000, 0x0000000703200000| Untracked 
|  12|0x0000000703400000, 0x0000000703600000, 0x0000000703600000|100%| O|  |TAMS 0x0000000703400000, 0x0000000703400000| Untracked 
|  13|0x0000000703600000, 0x0000000703800000, 0x0000000703800000|100%| O|  |TAMS 0x0000000703600000, 0x0000000703600000| Untracked 
|  14|0x0000000703800000, 0x0000000703a00000, 0x0000000703a00000|100%| O|  |TAMS 0x0000000703800000, 0x0000000703800000| Untracked 
|  15|0x0000000703a00000, 0x0000000703c00000, 0x0000000703c00000|100%| O|  |TAMS 0x0000000703a00000, 0x0000000703a00000| Untracked 
|  16|0x0000000703c00000, 0x0000000703e00000, 0x0000000703e00000|100%| O|  |TAMS 0x0000000703c00000, 0x0000000703c00000| Untracked 
|  17|0x0000000703e00000, 0x0000000704000000, 0x0000000704000000|100%| O|  |TAMS 0x0000000703e00000, 0x0000000703e00000| Untracked 
|  18|0x0000000704000000, 0x0000000704200000, 0x0000000704200000|100%| O|  |TAMS 0x0000000704000000, 0x0000000704000000| Untracked 
|  19|0x0000000704200000, 0x0000000704400000, 0x0000000704400000|100%| O|  |TAMS 0x0000000704200000, 0x0000000704200000| Untracked 
|  20|0x0000000704400000, 0x0000000704600000, 0x0000000704600000|100%| O|  |TAMS 0x0000000704400000, 0x0000000704400000| Untracked 
|  21|0x0000000704600000, 0x0000000704800000, 0x0000000704800000|100%| O|  |TAMS 0x0000000704600000, 0x0000000704600000| Untracked 
|  22|0x0000000704800000, 0x0000000704a00000, 0x0000000704a00000|100%| O|  |TAMS 0x0000000704800000, 0x0000000704800000| Untracked 
|  23|0x0000000704a00000, 0x0000000704c00000, 0x0000000704c00000|100%| O|  |TAMS 0x0000000704a00000, 0x0000000704a00000| Untracked 
|  24|0x0000000704c00000, 0x0000000704e00000, 0x0000000704e00000|100%| O|  |TAMS 0x0000000704c00000, 0x0000000704c00000| Untracked 
|  25|0x0000000704e00000, 0x0000000705000000, 0x0000000705000000|100%| O|  |TAMS 0x0000000704e00000, 0x0000000704e00000| Untracked 
|  26|0x0000000705000000, 0x0000000705200000, 0x0000000705200000|100%| O|  |TAMS 0x0000000705000000, 0x0000000705000000| Untracked 
|  27|0x0000000705200000, 0x0000000705400000, 0x0000000705400000|100%| O|  |TAMS 0x0000000705200000, 0x0000000705200000| Untracked 
|  28|0x0000000705400000, 0x0000000705600000, 0x0000000705600000|100%| O|  |TAMS 0x0000000705400000, 0x0000000705400000| Untracked 
|  29|0x0000000705600000, 0x0000000705800000, 0x0000000705800000|100%| O|  |TAMS 0x0000000705600000, 0x0000000705600000| Untracked 
|  30|0x0000000705800000, 0x0000000705a00000, 0x0000000705a00000|100%| O|  |TAMS 0x0000000705800000, 0x0000000705800000| Untracked 
|  31|0x0000000705a00000, 0x0000000705c00000, 0x0000000705c00000|100%| O|  |TAMS 0x0000000705a00000, 0x0000000705a00000| Untracked 
|  32|0x0000000705c00000, 0x0000000705e00000, 0x0000000705e00000|100%| O|  |TAMS 0x0000000705c00000, 0x0000000705c00000| Untracked 
|  33|0x0000000705e00000, 0x0000000706000000, 0x0000000706000000|100%| O|  |TAMS 0x0000000705e00000, 0x0000000705e00000| Untracked 
|  34|0x0000000706000000, 0x0000000706200000, 0x0000000706200000|100%| O|  |TAMS 0x0000000706000000, 0x0000000706000000| Untracked 
|  35|0x0000000706200000, 0x0000000706400000, 0x0000000706400000|100%| O|  |TAMS 0x0000000706200000, 0x0000000706200000| Untracked 
|  36|0x0000000706400000, 0x0000000706600000, 0x0000000706600000|100%| O|  |TAMS 0x0000000706400000, 0x0000000706400000| Untracked 
|  37|0x0000000706600000, 0x0000000706800000, 0x0000000706800000|100%| O|  |TAMS 0x0000000706600000, 0x0000000706600000| Untracked 
|  38|0x0000000706800000, 0x0000000706a00000, 0x0000000706a00000|100%| O|  |TAMS 0x0000000706800000, 0x0000000706800000| Untracked 
|  39|0x0000000706a00000, 0x0000000706c00000, 0x0000000706c00000|100%| O|  |TAMS 0x0000000706a00000, 0x0000000706a00000| Untracked 
|  40|0x0000000706c00000, 0x0000000706e00000, 0x0000000706e00000|100%| O|  |TAMS 0x0000000706c00000, 0x0000000706c00000| Untracked 
|  41|0x0000000706e00000, 0x0000000707000000, 0x0000000707000000|100%| O|  |TAMS 0x0000000706e00000, 0x0000000706e00000| Untracked 
|  42|0x0000000707000000, 0x0000000707200000, 0x0000000707200000|100%| O|  |TAMS 0x0000000707000000, 0x0000000707000000| Untracked 
|  43|0x0000000707200000, 0x0000000707400000, 0x0000000707400000|100%| O|  |TAMS 0x0000000707200000, 0x0000000707200000| Untracked 
|  44|0x0000000707400000, 0x0000000707600000, 0x0000000707600000|100%| O|  |TAMS 0x0000000707400000, 0x0000000707400000| Untracked 
|  45|0x0000000707600000, 0x0000000707800000, 0x0000000707800000|100%| O|  |TAMS 0x0000000707600000, 0x0000000707600000| Untracked 
|  46|0x0000000707800000, 0x0000000707a00000, 0x0000000707a00000|100%| O|  |TAMS 0x0000000707800000, 0x0000000707800000| Untracked 
|  47|0x0000000707a00000, 0x0000000707c00000, 0x0000000707c00000|100%| O|  |TAMS 0x0000000707a00000, 0x0000000707a00000| Untracked 
|  48|0x0000000707c00000, 0x0000000707e00000, 0x0000000707e00000|100%| O|  |TAMS 0x0000000707c00000, 0x0000000707c00000| Untracked 
|  49|0x0000000707e00000, 0x0000000708000000, 0x0000000708000000|100%| O|  |TAMS 0x0000000707e00000, 0x0000000707e00000| Untracked 
|  50|0x0000000708000000, 0x0000000708200000, 0x0000000708200000|100%| O|  |TAMS 0x0000000708000000, 0x0000000708000000| Untracked 
|  51|0x0000000708200000, 0x0000000708400000, 0x0000000708400000|100%| O|  |TAMS 0x0000000708200000, 0x0000000708200000| Untracked 
|  52|0x0000000708400000, 0x0000000708600000, 0x0000000708600000|100%| O|  |TAMS 0x0000000708400000, 0x0000000708400000| Untracked 
|  53|0x0000000708600000, 0x0000000708800000, 0x0000000708800000|100%| O|  |TAMS 0x0000000708600000, 0x0000000708600000| Untracked 
|  54|0x0000000708800000, 0x0000000708a00000, 0x0000000708a00000|100%| O|  |TAMS 0x0000000708800000, 0x0000000708800000| Untracked 
|  55|0x0000000708a00000, 0x0000000708c00000, 0x0000000708c00000|100%| O|  |TAMS 0x0000000708a00000, 0x0000000708a00000| Untracked 
|  56|0x0000000708c00000, 0x0000000708e00000, 0x0000000708e00000|100%| O|  |TAMS 0x0000000708c00000, 0x0000000708c00000| Untracked 
|  57|0x0000000708e00000, 0x0000000709000000, 0x0000000709000000|100%| O|  |TAMS 0x0000000708e00000, 0x0000000708e00000| Untracked 
|  58|0x0000000709000000, 0x0000000709200000, 0x0000000709200000|100%| O|  |TAMS 0x0000000709000000, 0x0000000709000000| Untracked 
|  59|0x0000000709200000, 0x0000000709400000, 0x0000000709400000|100%| O|  |TAMS 0x0000000709200000, 0x0000000709200000| Untracked 
|  60|0x0000000709400000, 0x0000000709600000, 0x0000000709600000|100%| O|  |TAMS 0x0000000709400000, 0x0000000709400000| Untracked 
|  61|0x0000000709600000, 0x0000000709800000, 0x0000000709800000|100%| O|  |TAMS 0x0000000709600000, 0x0000000709600000| Untracked 
|  62|0x0000000709800000, 0x0000000709a00000, 0x0000000709a00000|100%| O|  |TAMS 0x0000000709800000, 0x0000000709800000| Untracked 
|  63|0x0000000709a00000, 0x0000000709c00000, 0x0000000709c00000|100%| O|  |TAMS 0x0000000709a00000, 0x0000000709a00000| Untracked 
|  64|0x0000000709c00000, 0x0000000709e00000, 0x0000000709e00000|100%| O|  |TAMS 0x0000000709c00000, 0x0000000709c00000| Untracked 
|  65|0x0000000709e00000, 0x000000070a000000, 0x000000070a000000|100%| O|  |TAMS 0x0000000709e00000, 0x0000000709e00000| Untracked 
|  66|0x000000070a000000, 0x000000070a200000, 0x000000070a200000|100%| O|  |TAMS 0x000000070a000000, 0x000000070a000000| Untracked 
|  67|0x000000070a200000, 0x000000070a400000, 0x000000070a400000|100%| O|  |TAMS 0x000000070a200000, 0x000000070a200000| Untracked 
|  68|0x000000070a400000, 0x000000070a600000, 0x000000070a600000|100%| O|  |TAMS 0x000000070a400000, 0x000000070a400000| Untracked 
|  69|0x000000070a600000, 0x000000070a800000, 0x000000070a800000|100%| O|  |TAMS 0x000000070a600000, 0x000000070a600000| Untracked 
|  70|0x000000070a800000, 0x000000070aa00000, 0x000000070aa00000|100%| O|  |TAMS 0x000000070a800000, 0x000000070a800000| Untracked 
|  71|0x000000070aa00000, 0x000000070aa00000, 0x000000070ac00000|  0%| F|  |TAMS 0x000000070aa00000, 0x000000070aa00000| Untracked 
|  72|0x000000070ac00000, 0x000000070ac00000, 0x000000070ae00000|  0%| F|  |TAMS 0x000000070ac00000, 0x000000070ac00000| Untracked 
|  73|0x000000070ae00000, 0x000000070ae00000, 0x000000070b000000|  0%| F|  |TAMS 0x000000070ae00000, 0x000000070ae00000| Untracked 
|  74|0x000000070b000000, 0x000000070b000000, 0x000000070b200000|  0%| F|  |TAMS 0x000000070b000000, 0x000000070b000000| Untracked 
|  75|0x000000070b200000, 0x000000070b200000, 0x000000070b400000|  0%| F|  |TAMS 0x000000070b200000, 0x000000070b200000| Untracked 
|  76|0x000000070b400000, 0x000000070b400000, 0x000000070b600000|  0%| F|  |TAMS 0x000000070b400000, 0x000000070b400000| Untracked 
|  77|0x000000070b600000, 0x000000070b600000, 0x000000070b800000|  0%| F|  |TAMS 0x000000070b600000, 0x000000070b600000| Untracked 
|  78|0x000000070b800000, 0x000000070b800000, 0x000000070ba00000|  0%| F|  |TAMS 0x000000070b800000, 0x000000070b800000| Untracked 
|  79|0x000000070ba00000, 0x000000070ba00000, 0x000000070bc00000|  0%| F|  |TAMS 0x000000070ba00000, 0x000000070ba00000| Untracked 
|  80|0x000000070bc00000, 0x000000070bc00000, 0x000000070be00000|  0%| F|  |TAMS 0x000000070bc00000, 0x000000070bc00000| Untracked 
|  81|0x000000070be00000, 0x000000070be00000, 0x000000070c000000|  0%| F|  |TAMS 0x000000070be00000, 0x000000070be00000| Untracked 
|  82|0x000000070c000000, 0x000000070c000000, 0x000000070c200000|  0%| F|  |TAMS 0x000000070c000000, 0x000000070c000000| Untracked 
|  83|0x000000070c200000, 0x000000070c200000, 0x000000070c400000|  0%| F|  |TAMS 0x000000070c200000, 0x000000070c200000| Untracked 
|  84|0x000000070c400000, 0x000000070c400000, 0x000000070c600000|  0%| F|  |TAMS 0x000000070c400000, 0x000000070c400000| Untracked 
|  85|0x000000070c600000, 0x000000070c600000, 0x000000070c800000|  0%| F|  |TAMS 0x000000070c600000, 0x000000070c600000| Untracked 
|  86|0x000000070c800000, 0x000000070c800000, 0x000000070ca00000|  0%| F|  |TAMS 0x000000070c800000, 0x000000070c800000| Untracked 
|  87|0x000000070ca00000, 0x000000070ca00000, 0x000000070cc00000|  0%| F|  |TAMS 0x000000070ca00000, 0x000000070ca00000| Untracked 
|  88|0x000000070cc00000, 0x000000070cc00000, 0x000000070ce00000|  0%| F|  |TAMS 0x000000070cc00000, 0x000000070cc00000| Untracked 
|  89|0x000000070ce00000, 0x000000070ce00000, 0x000000070d000000|  0%| F|  |TAMS 0x000000070ce00000, 0x000000070ce00000| Untracked 
|  90|0x000000070d000000, 0x000000070d000000, 0x000000070d200000|  0%| F|  |TAMS 0x000000070d000000, 0x000000070d000000| Untracked 
|  91|0x000000070d200000, 0x000000070d200000, 0x000000070d400000|  0%| F|  |TAMS 0x000000070d200000, 0x000000070d200000| Untracked 
|  92|0x000000070d400000, 0x000000070d400000, 0x000000070d600000|  0%| F|  |TAMS 0x000000070d400000, 0x000000070d400000| Untracked 
|  93|0x000000070d600000, 0x000000070d600000, 0x000000070d800000|  0%| F|  |TAMS 0x000000070d600000, 0x000000070d600000| Untracked 
|  94|0x000000070d800000, 0x000000070d800000, 0x000000070da00000|  0%| F|  |TAMS 0x000000070d800000, 0x000000070d800000| Untracked 
|  95|0x000000070da00000, 0x000000070da00000, 0x000000070dc00000|  0%| F|  |TAMS 0x000000070da00000, 0x000000070da00000| Untracked 
|  96|0x000000070dc00000, 0x000000070dc00000, 0x000000070de00000|  0%| F|  |TAMS 0x000000070dc00000, 0x000000070dc00000| Untracked 
|  97|0x000000070de00000, 0x000000070de00000, 0x000000070e000000|  0%| F|  |TAMS 0x000000070de00000, 0x000000070de00000| Untracked 
|  98|0x000000070e000000, 0x000000070e000000, 0x000000070e200000|  0%| F|  |TAMS 0x000000070e000000, 0x000000070e000000| Untracked 
|  99|0x000000070e200000, 0x000000070e200000, 0x000000070e400000|  0%| F|  |TAMS 0x000000070e200000, 0x000000070e200000| Untracked 
| 100|0x000000070e400000, 0x000000070e400000, 0x000000070e600000|  0%| F|  |TAMS 0x000000070e400000, 0x000000070e400000| Untracked 
| 101|0x000000070e600000, 0x000000070e600000, 0x000000070e800000|  0%| F|  |TAMS 0x000000070e600000, 0x000000070e600000| Untracked 
| 102|0x000000070e800000, 0x000000070e800000, 0x000000070ea00000|  0%| F|  |TAMS 0x000000070e800000, 0x000000070e800000| Untracked 
| 103|0x000000070ea00000, 0x000000070ea00000, 0x000000070ec00000|  0%| F|  |TAMS 0x000000070ea00000, 0x000000070ea00000| Untracked 
| 104|0x000000070ec00000, 0x000000070ec00000, 0x000000070ee00000|  0%| F|  |TAMS 0x000000070ec00000, 0x000000070ec00000| Untracked 
| 105|0x000000070ee00000, 0x000000070ee00000, 0x000000070f000000|  0%| F|  |TAMS 0x000000070ee00000, 0x000000070ee00000| Untracked 
| 106|0x000000070f000000, 0x000000070f000000, 0x000000070f200000|  0%| F|  |TAMS 0x000000070f000000, 0x000000070f000000| Untracked 
| 107|0x000000070f200000, 0x000000070f200000, 0x000000070f400000|  0%| F|  |TAMS 0x000000070f200000, 0x000000070f200000| Untracked 
| 108|0x000000070f400000, 0x000000070f400000, 0x000000070f600000|  0%| F|  |TAMS 0x000000070f400000, 0x000000070f400000| Untracked 
| 109|0x000000070f600000, 0x000000070f600000, 0x000000070f800000|  0%| F|  |TAMS 0x000000070f600000, 0x000000070f600000| Untracked 
| 110|0x000000070f800000, 0x000000070f800000, 0x000000070fa00000|  0%| F|  |TAMS 0x000000070f800000, 0x000000070f800000| Untracked 
| 111|0x000000070fa00000, 0x000000070fa00000, 0x000000070fc00000|  0%| F|  |TAMS 0x000000070fa00000, 0x000000070fa00000| Untracked 
| 112|0x000000070fc00000, 0x000000070fc00000, 0x000000070fe00000|  0%| F|  |TAMS 0x000000070fc00000, 0x000000070fc00000| Untracked 
| 113|0x000000070fe00000, 0x000000070fe00000, 0x0000000710000000|  0%| F|  |TAMS 0x000000070fe00000, 0x000000070fe00000| Untracked 
| 114|0x0000000710000000, 0x0000000710000000, 0x0000000710200000|  0%| F|  |TAMS 0x0000000710000000, 0x0000000710000000| Untracked 
| 115|0x0000000710200000, 0x0000000710200000, 0x0000000710400000|  0%| F|  |TAMS 0x0000000710200000, 0x0000000710200000| Untracked 
| 116|0x0000000710400000, 0x0000000710400000, 0x0000000710600000|  0%| F|  |TAMS 0x0000000710400000, 0x0000000710400000| Untracked 
| 117|0x0000000710600000, 0x0000000710600000, 0x0000000710800000|  0%| F|  |TAMS 0x0000000710600000, 0x0000000710600000| Untracked 
| 118|0x0000000710800000, 0x0000000710800000, 0x0000000710a00000|  0%| F|  |TAMS 0x0000000710800000, 0x0000000710800000| Untracked 
| 119|0x0000000710a00000, 0x0000000710a00000, 0x0000000710c00000|  0%| F|  |TAMS 0x0000000710a00000, 0x0000000710a00000| Untracked 
| 120|0x0000000710c00000, 0x0000000710c00000, 0x0000000710e00000|  0%| F|  |TAMS 0x0000000710c00000, 0x0000000710c00000| Untracked 
| 121|0x0000000710e00000, 0x0000000710e00000, 0x0000000711000000|  0%| F|  |TAMS 0x0000000710e00000, 0x0000000710e00000| Untracked 
| 122|0x0000000711000000, 0x0000000711000000, 0x0000000711200000|  0%| F|  |TAMS 0x0000000711000000, 0x0000000711000000| Untracked 
| 123|0x0000000711200000, 0x0000000711200000, 0x0000000711400000|  0%| F|  |TAMS 0x0000000711200000, 0x0000000711200000| Untracked 
| 124|0x0000000711400000, 0x0000000711400000, 0x0000000711600000|  0%| F|  |TAMS 0x0000000711400000, 0x0000000711400000| Untracked 
| 125|0x0000000711600000, 0x0000000711600000, 0x0000000711800000|  0%| F|  |TAMS 0x0000000711600000, 0x0000000711600000| Untracked 
| 126|0x0000000711800000, 0x0000000711800000, 0x0000000711a00000|  0%| F|  |TAMS 0x0000000711800000, 0x0000000711800000| Untracked 
| 127|0x0000000711a00000, 0x0000000711a00000, 0x0000000711c00000|  0%| F|  |TAMS 0x0000000711a00000, 0x0000000711a00000| Untracked 
| 128|0x0000000711c00000, 0x0000000711c00000, 0x0000000711e00000|  0%| F|  |TAMS 0x0000000711c00000, 0x0000000711c00000| Untracked 
| 129|0x0000000711e00000, 0x0000000711e00000, 0x0000000712000000|  0%| F|  |TAMS 0x0000000711e00000, 0x0000000711e00000| Untracked 
| 130|0x0000000712000000, 0x0000000712000000, 0x0000000712200000|  0%| F|  |TAMS 0x0000000712000000, 0x0000000712000000| Untracked 
| 131|0x0000000712200000, 0x0000000712200000, 0x0000000712400000|  0%| F|  |TAMS 0x0000000712200000, 0x0000000712200000| Untracked 
| 132|0x0000000712400000, 0x0000000712400000, 0x0000000712600000|  0%| F|  |TAMS 0x0000000712400000, 0x0000000712400000| Untracked 
| 133|0x0000000712600000, 0x0000000712600000, 0x0000000712800000|  0%| F|  |TAMS 0x0000000712600000, 0x0000000712600000| Untracked 
| 134|0x0000000712800000, 0x0000000712800000, 0x0000000712a00000|  0%| F|  |TAMS 0x0000000712800000, 0x0000000712800000| Untracked 
| 135|0x0000000712a00000, 0x0000000712a00000, 0x0000000712c00000|  0%| F|  |TAMS 0x0000000712a00000, 0x0000000712a00000| Untracked 
| 136|0x0000000712c00000, 0x0000000712c00000, 0x0000000712e00000|  0%| F|  |TAMS 0x0000000712c00000, 0x0000000712c00000| Untracked 
| 137|0x0000000712e00000, 0x0000000712e00000, 0x0000000713000000|  0%| F|  |TAMS 0x0000000712e00000, 0x0000000712e00000| Untracked 
| 138|0x0000000713000000, 0x0000000713000000, 0x0000000713200000|  0%| F|  |TAMS 0x0000000713000000, 0x0000000713000000| Untracked 
| 139|0x0000000713200000, 0x0000000713200000, 0x0000000713400000|  0%| F|  |TAMS 0x0000000713200000, 0x0000000713200000| Untracked 
| 140|0x0000000713400000, 0x0000000713400000, 0x0000000713600000|  0%| F|  |TAMS 0x0000000713400000, 0x0000000713400000| Untracked 
| 141|0x0000000713600000, 0x0000000713600000, 0x0000000713800000|  0%| F|  |TAMS 0x0000000713600000, 0x0000000713600000| Untracked 
| 142|0x0000000713800000, 0x0000000713800000, 0x0000000713a00000|  0%| F|  |TAMS 0x0000000713800000, 0x0000000713800000| Untracked 
| 143|0x0000000713a00000, 0x0000000713a00000, 0x0000000713c00000|  0%| F|  |TAMS 0x0000000713a00000, 0x0000000713a00000| Untracked 
| 144|0x0000000713c00000, 0x0000000713c00000, 0x0000000713e00000|  0%| F|  |TAMS 0x0000000713c00000, 0x0000000713c00000| Untracked 
| 145|0x0000000713e00000, 0x0000000713e00000, 0x0000000714000000|  0%| F|  |TAMS 0x0000000713e00000, 0x0000000713e00000| Untracked 
| 146|0x0000000714000000, 0x0000000714000000, 0x0000000714200000|  0%| F|  |TAMS 0x0000000714000000, 0x0000000714000000| Untracked 
| 147|0x0000000714200000, 0x0000000714200000, 0x0000000714400000|  0%| F|  |TAMS 0x0000000714200000, 0x0000000714200000| Untracked 
| 148|0x0000000714400000, 0x0000000714400000, 0x0000000714600000|  0%| F|  |TAMS 0x0000000714400000, 0x0000000714400000| Untracked 
| 149|0x0000000714600000, 0x0000000714600000, 0x0000000714800000|  0%| F|  |TAMS 0x0000000714600000, 0x0000000714600000| Untracked 
| 150|0x0000000714800000, 0x0000000714800000, 0x0000000714a00000|  0%| F|  |TAMS 0x0000000714800000, 0x0000000714800000| Untracked 
| 151|0x0000000714a00000, 0x0000000714a00000, 0x0000000714c00000|  0%| F|  |TAMS 0x0000000714a00000, 0x0000000714a00000| Untracked 
| 152|0x0000000714c00000, 0x0000000714c00000, 0x0000000714e00000|  0%| F|  |TAMS 0x0000000714c00000, 0x0000000714c00000| Untracked 
| 153|0x0000000714e00000, 0x0000000714e00000, 0x0000000715000000|  0%| F|  |TAMS 0x0000000714e00000, 0x0000000714e00000| Untracked 
| 154|0x0000000715000000, 0x0000000715000000, 0x0000000715200000|  0%| F|  |TAMS 0x0000000715000000, 0x0000000715000000| Untracked 
| 155|0x0000000715200000, 0x0000000715200000, 0x0000000715400000|  0%| F|  |TAMS 0x0000000715200000, 0x0000000715200000| Untracked 
| 156|0x0000000715400000, 0x0000000715400000, 0x0000000715600000|  0%| F|  |TAMS 0x0000000715400000, 0x0000000715400000| Untracked 
| 157|0x0000000715600000, 0x0000000715600000, 0x0000000715800000|  0%| F|  |TAMS 0x0000000715600000, 0x0000000715600000| Untracked 
| 158|0x0000000715800000, 0x0000000715800000, 0x0000000715a00000|  0%| F|  |TAMS 0x0000000715800000, 0x0000000715800000| Untracked 
| 159|0x0000000715a00000, 0x0000000715a00000, 0x0000000715c00000|  0%| F|  |TAMS 0x0000000715a00000, 0x0000000715a00000| Untracked 
| 160|0x0000000715c00000, 0x0000000715c00000, 0x0000000715e00000|  0%| F|  |TAMS 0x0000000715c00000, 0x0000000715c00000| Untracked 
| 161|0x0000000715e00000, 0x0000000715e00000, 0x0000000716000000|  0%| F|  |TAMS 0x0000000715e00000, 0x0000000715e00000| Untracked 
| 162|0x0000000716000000, 0x0000000716000000, 0x0000000716200000|  0%| F|  |TAMS 0x0000000716000000, 0x0000000716000000| Untracked 
| 163|0x0000000716200000, 0x0000000716200000, 0x0000000716400000|  0%| F|  |TAMS 0x0000000716200000, 0x0000000716200000| Untracked 
| 164|0x0000000716400000, 0x0000000716400000, 0x0000000716600000|  0%| F|  |TAMS 0x0000000716400000, 0x0000000716400000| Untracked 
| 165|0x0000000716600000, 0x0000000716600000, 0x0000000716800000|  0%| F|  |TAMS 0x0000000716600000, 0x0000000716600000| Untracked 
| 166|0x0000000716800000, 0x0000000716800000, 0x0000000716a00000|  0%| F|  |TAMS 0x0000000716800000, 0x0000000716800000| Untracked 
| 167|0x0000000716a00000, 0x0000000716a00000, 0x0000000716c00000|  0%| F|  |TAMS 0x0000000716a00000, 0x0000000716a00000| Untracked 
| 168|0x0000000716c00000, 0x0000000716c00000, 0x0000000716e00000|  0%| F|  |TAMS 0x0000000716c00000, 0x0000000716c00000| Untracked 
| 169|0x0000000716e00000, 0x0000000716e00000, 0x0000000717000000|  0%| F|  |TAMS 0x0000000716e00000, 0x0000000716e00000| Untracked 
| 170|0x0000000717000000, 0x0000000717000000, 0x0000000717200000|  0%| F|  |TAMS 0x0000000717000000, 0x0000000717000000| Untracked 
| 171|0x0000000717200000, 0x0000000717200000, 0x0000000717400000|  0%| F|  |TAMS 0x0000000717200000, 0x0000000717200000| Untracked 
| 172|0x0000000717400000, 0x0000000717400000, 0x0000000717600000|  0%| F|  |TAMS 0x0000000717400000, 0x0000000717400000| Untracked 
| 173|0x0000000717600000, 0x0000000717600000, 0x0000000717800000|  0%| F|  |TAMS 0x0000000717600000, 0x0000000717600000| Untracked 
| 174|0x0000000717800000, 0x0000000717800000, 0x0000000717a00000|  0%| F|  |TAMS 0x0000000717800000, 0x0000000717800000| Untracked 
| 175|0x0000000717a00000, 0x0000000717a00000, 0x0000000717c00000|  0%| F|  |TAMS 0x0000000717a00000, 0x0000000717a00000| Untracked 
| 176|0x0000000717c00000, 0x0000000717c00000, 0x0000000717e00000|  0%| F|  |TAMS 0x0000000717c00000, 0x0000000717c00000| Untracked 
| 177|0x0000000717e00000, 0x0000000717e00000, 0x0000000718000000|  0%| F|  |TAMS 0x0000000717e00000, 0x0000000717e00000| Untracked 
| 178|0x0000000718000000, 0x0000000718000000, 0x0000000718200000|  0%| F|  |TAMS 0x0000000718000000, 0x0000000718000000| Untracked 
| 179|0x0000000718200000, 0x0000000718200000, 0x0000000718400000|  0%| F|  |TAMS 0x0000000718200000, 0x0000000718200000| Untracked 
| 180|0x0000000718400000, 0x0000000718400000, 0x0000000718600000|  0%| F|  |TAMS 0x0000000718400000, 0x0000000718400000| Untracked 
| 181|0x0000000718600000, 0x0000000718600000, 0x0000000718800000|  0%| F|  |TAMS 0x0000000718600000, 0x0000000718600000| Untracked 
| 182|0x0000000718800000, 0x0000000718800000, 0x0000000718a00000|  0%| F|  |TAMS 0x0000000718800000, 0x0000000718800000| Untracked 
| 183|0x0000000718a00000, 0x0000000718a00000, 0x0000000718c00000|  0%| F|  |TAMS 0x0000000718a00000, 0x0000000718a00000| Untracked 
| 184|0x0000000718c00000, 0x0000000718c00000, 0x0000000718e00000|  0%| F|  |TAMS 0x0000000718c00000, 0x0000000718c00000| Untracked 
| 185|0x0000000718e00000, 0x0000000718e00000, 0x0000000719000000|  0%| F|  |TAMS 0x0000000718e00000, 0x0000000718e00000| Untracked 
| 186|0x0000000719000000, 0x0000000719000000, 0x0000000719200000|  0%| F|  |TAMS 0x0000000719000000, 0x0000000719000000| Untracked 
| 187|0x0000000719200000, 0x0000000719200000, 0x0000000719400000|  0%| F|  |TAMS 0x0000000719200000, 0x0000000719200000| Untracked 
| 188|0x0000000719400000, 0x0000000719400000, 0x0000000719600000|  0%| F|  |TAMS 0x0000000719400000, 0x0000000719400000| Untracked 
| 189|0x0000000719600000, 0x0000000719600000, 0x0000000719800000|  0%| F|  |TAMS 0x0000000719600000, 0x0000000719600000| Untracked 
| 190|0x0000000719800000, 0x0000000719800000, 0x0000000719a00000|  0%| F|  |TAMS 0x0000000719800000, 0x0000000719800000| Untracked 
| 191|0x0000000719a00000, 0x0000000719a00000, 0x0000000719c00000|  0%| F|  |TAMS 0x0000000719a00000, 0x0000000719a00000| Untracked 
| 192|0x0000000719c00000, 0x0000000719c00000, 0x0000000719e00000|  0%| F|  |TAMS 0x0000000719c00000, 0x0000000719c00000| Untracked 
| 193|0x0000000719e00000, 0x0000000719e00000, 0x000000071a000000|  0%| F|  |TAMS 0x0000000719e00000, 0x0000000719e00000| Untracked 
| 194|0x000000071a000000, 0x000000071a000000, 0x000000071a200000|  0%| F|  |TAMS 0x000000071a000000, 0x000000071a000000| Untracked 
| 195|0x000000071a200000, 0x000000071a200000, 0x000000071a400000|  0%| F|  |TAMS 0x000000071a200000, 0x000000071a200000| Untracked 
| 196|0x000000071a400000, 0x000000071a400000, 0x000000071a600000|  0%| F|  |TAMS 0x000000071a400000, 0x000000071a400000| Untracked 
| 197|0x000000071a600000, 0x000000071a600000, 0x000000071a800000|  0%| F|  |TAMS 0x000000071a600000, 0x000000071a600000| Untracked 
| 198|0x000000071a800000, 0x000000071a800000, 0x000000071aa00000|  0%| F|  |TAMS 0x000000071a800000, 0x000000071a800000| Untracked 
| 199|0x000000071aa00000, 0x000000071aa00000, 0x000000071ac00000|  0%| F|  |TAMS 0x000000071aa00000, 0x000000071aa00000| Untracked 
| 200|0x000000071ac00000, 0x000000071ac00000, 0x000000071ae00000|  0%| F|  |TAMS 0x000000071ac00000, 0x000000071ac00000| Untracked 
| 201|0x000000071ae00000, 0x000000071ae00000, 0x000000071b000000|  0%| F|  |TAMS 0x000000071ae00000, 0x000000071ae00000| Untracked 
| 202|0x000000071b000000, 0x000000071b000000, 0x000000071b200000|  0%| F|  |TAMS 0x000000071b000000, 0x000000071b000000| Untracked 
| 203|0x000000071b200000, 0x000000071b200000, 0x000000071b400000|  0%| F|  |TAMS 0x000000071b200000, 0x000000071b200000| Untracked 
| 204|0x000000071b400000, 0x000000071b400000, 0x000000071b600000|  0%| F|  |TAMS 0x000000071b400000, 0x000000071b400000| Untracked 
| 205|0x000000071b600000, 0x000000071b600000, 0x000000071b800000|  0%| F|  |TAMS 0x000000071b600000, 0x000000071b600000| Untracked 
| 206|0x000000071b800000, 0x000000071b800000, 0x000000071ba00000|  0%| F|  |TAMS 0x000000071b800000, 0x000000071b800000| Untracked 
| 207|0x000000071ba00000, 0x000000071ba00000, 0x000000071bc00000|  0%| F|  |TAMS 0x000000071ba00000, 0x000000071ba00000| Untracked 
| 208|0x000000071bc00000, 0x000000071bc00000, 0x000000071be00000|  0%| F|  |TAMS 0x000000071bc00000, 0x000000071bc00000| Untracked 
| 209|0x000000071be00000, 0x000000071be00000, 0x000000071c000000|  0%| F|  |TAMS 0x000000071be00000, 0x000000071be00000| Untracked 
| 210|0x000000071c000000, 0x000000071c000000, 0x000000071c200000|  0%| F|  |TAMS 0x000000071c000000, 0x000000071c000000| Untracked 
| 211|0x000000071c200000, 0x000000071c200000, 0x000000071c400000|  0%| F|  |TAMS 0x000000071c200000, 0x000000071c200000| Untracked 
| 212|0x000000071c400000, 0x000000071c400000, 0x000000071c600000|  0%| F|  |TAMS 0x000000071c400000, 0x000000071c400000| Untracked 
| 213|0x000000071c600000, 0x000000071c600000, 0x000000071c800000|  0%| F|  |TAMS 0x000000071c600000, 0x000000071c600000| Untracked 
| 214|0x000000071c800000, 0x000000071c800000, 0x000000071ca00000|  0%| F|  |TAMS 0x000000071c800000, 0x000000071c800000| Untracked 
| 215|0x000000071ca00000, 0x000000071ca00000, 0x000000071cc00000|  0%| F|  |TAMS 0x000000071ca00000, 0x000000071ca00000| Untracked 
| 216|0x000000071cc00000, 0x000000071cc00000, 0x000000071ce00000|  0%| F|  |TAMS 0x000000071cc00000, 0x000000071cc00000| Untracked 
| 217|0x000000071ce00000, 0x000000071d000000, 0x000000071d000000|100%| S|CS|TAMS 0x000000071ce00000, 0x000000071ce00000| Complete 
| 218|0x000000071d000000, 0x000000071d200000, 0x000000071d200000|100%| S|CS|TAMS 0x000000071d000000, 0x000000071d000000| Complete 
| 219|0x000000071d200000, 0x000000071d400000, 0x000000071d400000|100%| S|CS|TAMS 0x000000071d200000, 0x000000071d200000| Complete 
| 220|0x000000071d400000, 0x000000071d400000, 0x000000071d600000|  0%| F|  |TAMS 0x000000071d400000, 0x000000071d400000| Untracked 
| 221|0x000000071d600000, 0x000000071d600000, 0x000000071d800000|  0%| F|  |TAMS 0x000000071d600000, 0x000000071d600000| Untracked 
| 222|0x000000071d800000, 0x000000071d800000, 0x000000071da00000|  0%| F|  |TAMS 0x000000071d800000, 0x000000071d800000| Untracked 
| 223|0x000000071da00000, 0x000000071da00000, 0x000000071dc00000|  0%| F|  |TAMS 0x000000071da00000, 0x000000071da00000| Untracked 
| 224|0x000000071dc00000, 0x000000071dc00000, 0x000000071de00000|  0%| F|  |TAMS 0x000000071dc00000, 0x000000071dc00000| Untracked 
| 225|0x000000071de00000, 0x000000071e000000, 0x000000071e000000|100%| S|CS|TAMS 0x000000071de00000, 0x000000071de00000| Complete 
| 226|0x000000071e000000, 0x000000071e200000, 0x000000071e200000|100%| S|CS|TAMS 0x000000071e000000, 0x000000071e000000| Complete 
| 227|0x000000071e200000, 0x000000071e200000, 0x000000071e400000|  0%| F|  |TAMS 0x000000071e200000, 0x000000071e200000| Untracked 
| 228|0x000000071e400000, 0x000000071e400000, 0x000000071e600000|  0%| F|  |TAMS 0x000000071e400000, 0x000000071e400000| Untracked 
| 229|0x000000071e600000, 0x000000071e600000, 0x000000071e800000|  0%| F|  |TAMS 0x000000071e600000, 0x000000071e600000| Untracked 
| 230|0x000000071e800000, 0x000000071e800000, 0x000000071ea00000|  0%| F|  |TAMS 0x000000071e800000, 0x000000071e800000| Untracked 
| 231|0x000000071ea00000, 0x000000071ea00000, 0x000000071ec00000|  0%| F|  |TAMS 0x000000071ea00000, 0x000000071ea00000| Untracked 
| 232|0x000000071ec00000, 0x000000071ec00000, 0x000000071ee00000|  0%| F|  |TAMS 0x000000071ec00000, 0x000000071ec00000| Untracked 
| 233|0x000000071ee00000, 0x000000071ee00000, 0x000000071f000000|  0%| F|  |TAMS 0x000000071ee00000, 0x000000071ee00000| Untracked 
| 234|0x000000071f000000, 0x000000071f000000, 0x000000071f200000|  0%| F|  |TAMS 0x000000071f000000, 0x000000071f000000| Untracked 
| 235|0x000000071f200000, 0x000000071f200000, 0x000000071f400000|  0%| F|  |TAMS 0x000000071f200000, 0x000000071f200000| Untracked 
| 236|0x000000071f400000, 0x000000071f400000, 0x000000071f600000|  0%| F|  |TAMS 0x000000071f400000, 0x000000071f400000| Untracked 
| 237|0x000000071f600000, 0x000000071f600000, 0x000000071f800000|  0%| F|  |TAMS 0x000000071f600000, 0x000000071f600000| Untracked 
| 238|0x000000071f800000, 0x000000071f800000, 0x000000071fa00000|  0%| F|  |TAMS 0x000000071f800000, 0x000000071f800000| Untracked 
| 239|0x000000071fa00000, 0x000000071fa00000, 0x000000071fc00000|  0%| F|  |TAMS 0x000000071fa00000, 0x000000071fa00000| Untracked 
| 240|0x000000071fc00000, 0x000000071fc00000, 0x000000071fe00000|  0%| F|  |TAMS 0x000000071fc00000, 0x000000071fc00000| Untracked 
| 241|0x000000071fe00000, 0x000000071fe00000, 0x0000000720000000|  0%| F|  |TAMS 0x000000071fe00000, 0x000000071fe00000| Untracked 
| 242|0x0000000720000000, 0x0000000720000000, 0x0000000720200000|  0%| F|  |TAMS 0x0000000720000000, 0x0000000720000000| Untracked 
| 243|0x0000000720200000, 0x0000000720200000, 0x0000000720400000|  0%| F|  |TAMS 0x0000000720200000, 0x0000000720200000| Untracked 
| 244|0x0000000720400000, 0x0000000720400000, 0x0000000720600000|  0%| F|  |TAMS 0x0000000720400000, 0x0000000720400000| Untracked 
| 245|0x0000000720600000, 0x0000000720600000, 0x0000000720800000|  0%| F|  |TAMS 0x0000000720600000, 0x0000000720600000| Untracked 
| 246|0x0000000720800000, 0x0000000720800000, 0x0000000720a00000|  0%| F|  |TAMS 0x0000000720800000, 0x0000000720800000| Untracked 
| 247|0x0000000720a00000, 0x0000000720a00000, 0x0000000720c00000|  0%| F|  |TAMS 0x0000000720a00000, 0x0000000720a00000| Untracked 
| 248|0x0000000720c00000, 0x0000000720c00000, 0x0000000720e00000|  0%| F|  |TAMS 0x0000000720c00000, 0x0000000720c00000| Untracked 
| 249|0x0000000720e00000, 0x0000000720e00000, 0x0000000721000000|  0%| F|  |TAMS 0x0000000720e00000, 0x0000000720e00000| Untracked 
| 250|0x0000000721000000, 0x0000000721000000, 0x0000000721200000|  0%| F|  |TAMS 0x0000000721000000, 0x0000000721000000| Untracked 
| 251|0x0000000721200000, 0x0000000721200000, 0x0000000721400000|  0%| F|  |TAMS 0x0000000721200000, 0x0000000721200000| Untracked 
| 252|0x0000000721400000, 0x0000000721400000, 0x0000000721600000|  0%| F|  |TAMS 0x0000000721400000, 0x0000000721400000| Untracked 
| 253|0x0000000721600000, 0x0000000721600000, 0x0000000721800000|  0%| F|  |TAMS 0x0000000721600000, 0x0000000721600000| Untracked 
| 254|0x0000000721800000, 0x0000000721800000, 0x0000000721a00000|  0%| F|  |TAMS 0x0000000721800000, 0x0000000721800000| Untracked 
| 255|0x0000000721a00000, 0x0000000721a00000, 0x0000000721c00000|  0%| F|  |TAMS 0x0000000721a00000, 0x0000000721a00000| Untracked 

Card table byte_map: [0x00000236e7200000,0x00000236e7a00000] _byte_map_base: 0x00000236e39f2000

Marking Bits (Prev, Next): (CMBitMap*) 0x00000236d3d070c0, (CMBitMap*) 0x00000236d3d07100
 Prev Bits: [0x00000236e8200000, 0x00000236ec190000)
 Next Bits: [0x00000236ec190000, 0x00000236f0120000)

Polling page: 0x00000236d1c90000

Metaspace:

Usage:
  Non-class:      5.85 MB capacity,     5.80 MB (>99%) used,    39.97 KB ( <1%) free+waste,     2.50 KB ( <1%) overhead. 
      Class:    529.00 KB capacity,   500.53 KB ( 95%) used,    27.59 KB (  5%) free+waste,   896 bytes ( <1%) overhead. 
       Both:      6.36 MB capacity,     6.29 MB ( 99%) used,    67.56 KB (  1%) free+waste,     3.38 KB ( <1%) overhead. 

Virtual space:
  Non-class space:        8.00 MB reserved,       6.00 MB ( 75%) committed 
      Class space:        1.00 GB reserved,     640.00 KB ( <1%) committed 
             Both:        1.01 GB reserved,       6.62 MB ( <1%) committed 

Chunk freelists:
   Non-Class:  30.00 KB
       Class:  15.00 KB
        Both:  45.00 KB

MaxMetaspaceSize: 17179869184.00 GB
CompressedClassSpaceSize: 1.00 GB

CodeHeap 'non-profiled nmethods': size=120000Kb used=354Kb max_used=354Kb free=119645Kb
 bounds [0x00000236df1a0000, 0x00000236df410000, 0x00000236e66d0000]
CodeHeap 'profiled nmethods': size=120000Kb used=855Kb max_used=855Kb free=119144Kb
 bounds [0x00000236d7c70000, 0x00000236d7ee0000, 0x00000236df1a0000]
CodeHeap 'non-nmethods': size=5760Kb used=1109Kb max_used=1168Kb free=4650Kb
 bounds [0x00000236d76d0000, 0x00000236d7940000, 0x00000236d7c70000]
 total_blobs=782 nmethods=434 adapters=261
 compilation: enabled
              stopped_count=0, restarted_count=0
 full_count=0

Compilation events (20 events):
Event: 1.072 Thread 0x00000236f3aba420 nmethod 425 0x00000236df1ebd10 code [0x00000236df1ebec0, 0x00000236df1ec868]
Event: 1.072 Thread 0x00000236f3aba420  430       4       org.roaringbitmap.RoaringArray::extendArray (76 bytes)
Event: 1.080 Thread 0x00000236f3aba420 nmethod 430 0x00000236df1ecc10 code [0x00000236df1ecda0, 0x00000236df1ed498]
Event: 1.080 Thread 0x00000236f346d720 nmethod 428 0x00000236df1ed690 code [0x00000236df1ed840, 0x00000236df1ee298]
Event: 1.085 Thread 0x00000236f3477c60  434       3       org.roaringbitmap.Util::hybridUnsignedBinarySearch (131 bytes)
Event: 1.085 Thread 0x00000236f3477c60 nmethod 434 0x00000236d7d45610 code [0x00000236d7d457e0, 0x00000236d7d45c78]
Event: 1.095 Thread 0x00000236f346d720  435       4       dao.DigraphLoader$NodeList::<init> (21 bytes)
Event: 1.097 Thread 0x00000236f346d720 nmethod 435 0x00000236df1ee610 code [0x00000236df1ee7a0, 0x00000236df1eea38]
Event: 1.166 Thread 0x00000236f346d720  436 % !   4       dao.DigraphLoader::loadVE @ 107 (680 bytes)
Event: 1.169 Thread 0x00000236f3aba420  437       4       java.util.Arrays::copyOf (19 bytes)
Event: 1.171 Thread 0x00000236f3aba420 nmethod 437 0x00000236df1eeb10 code [0x00000236df1eeca0, 0x00000236df1eeef8]
Event: 1.171 Thread 0x00000236f3aba420  438       4       org.roaringbitmap.ArrayContainer::increaseCapacity (108 bytes)
Event: 1.176 Thread 0x00000236f3aba420 nmethod 438 0x00000236df1ef010 code [0x00000236df1ef1a0, 0x00000236df1ef5f8]
Event: 1.316 Thread 0x00000236f3aba420  439       4       java.nio.ByteBuffer::array (35 bytes)
Event: 1.316 Thread 0x00000236f3aba420 nmethod 439 0x00000236df1ef790 code [0x00000236df1ef900, 0x00000236df1ef998]
Event: 1.318 Thread 0x00000236f3aba420  440       4       java.nio.CharBuffer::position (6 bytes)
Event: 1.318 Thread 0x00000236f3aba420 nmethod 440 0x00000236df1efa90 code [0x00000236df1efc00, 0x00000236df1efcb8]
Event: 1.325 Thread 0x00000236f346d720 nmethod 436% 0x00000236df1efe10 code [0x00000236df1f02a0, 0x00000236df1f5978]
Event: 1.352 Thread 0x00000236f346d720  441       4       org.roaringbitmap.RoaringArray::binarySearch (11 bytes)
Event: 1.352 Thread 0x00000236f346d720 nmethod 441 0x00000236df1f8510 code [0x00000236df1f86a0, 0x00000236df1f8798]

GC Heap History (17 events):
Event: 0.229 GC heap before
{Heap before GC invocations=0 (full 0):
 garbage-first heap   total 262144K, used 22528K [0x0000000701c00000, 0x0000000800000000)
  region size 2048K, 11 young (22528K), 0 survivors (0K)
 Metaspace       used 4755K, capacity 4816K, committed 5120K, reserved 1056768K
  class space    used 402K, capacity 432K, committed 512K, reserved 1048576K
}
Event: 0.230 GC heap after
{Heap after GC invocations=1 (full 0):
 garbage-first heap   total 262144K, used 853K [0x0000000701c00000, 0x0000000800000000)
  region size 2048K, 1 young (2048K), 1 survivors (2048K)
 Metaspace       used 4755K, capacity 4816K, committed 5120K, reserved 1056768K
  class space    used 402K, capacity 432K, committed 512K, reserved 1048576K
}
Event: 0.448 GC heap before
{Heap before GC invocations=1 (full 0):
 garbage-first heap   total 262144K, used 41813K [0x0000000701c00000, 0x0000000800000000)
  region size 2048K, 18 young (36864K), 1 survivors (2048K)
 Metaspace       used 6434K, capacity 6515K, committed 6784K, reserved 1056768K
  class space    used 500K, capacity 529K, committed 640K, reserved 1048576K
}
Event: 0.454 GC heap after
{Heap after GC invocations=2 (full 0):
 garbage-first heap   total 262144K, used 12531K [0x0000000701c00000, 0x0000000800000000)
  region size 2048K, 3 young (6144K), 3 survivors (6144K)
 Metaspace       used 6434K, capacity 6515K, committed 6784K, reserved 1056768K
  class space    used 500K, capacity 529K, committed 640K, reserved 1048576K
}
Event: 0.738 GC heap before
{Heap before GC invocations=2 (full 0):
 garbage-first heap   total 262144K, used 162035K [0x0000000701c00000, 0x0000000800000000)
  region size 2048K, 76 young (155648K), 3 survivors (6144K)
 Metaspace       used 6441K, capacity 6515K, committed 6784K, reserved 1056768K
  class space    used 500K, capacity 529K, committed 640K, reserved 1048576K
}
Event: 0.775 GC heap after
{Heap after GC invocations=3 (full 0):
 garbage-first heap   total 262144K, used 53705K [0x0000000701c00000, 0x0000000800000000)
  region size 2048K, 10 young (20480K), 10 survivors (20480K)
 Metaspace       used 6441K, capacity 6515K, committed 6784K, reserved 1056768K
  class space    used 500K, capacity 529K, committed 640K, reserved 1048576K
}
Event: 0.823 GC heap before
{Heap before GC invocations=3 (full 0):
 garbage-first heap   total 262144K, used 125385K [0x0000000701c00000, 0x0000000800000000)
  region size 2048K, 45 young (92160K), 10 survivors (20480K)
 Metaspace       used 6441K, capacity 6515K, committed 6784K, reserved 1056768K
  class space    used 500K, capacity 529K, committed 640K, reserved 1048576K
}
Event: 0.853 GC heap after
{Heap after GC invocations=4 (full 0):
 garbage-first heap   total 262144K, used 75776K [0x0000000701c00000, 0x0000000800000000)
  region size 2048K, 6 young (12288K), 6 survivors (12288K)
 Metaspace       used 6441K, capacity 6515K, committed 6784K, reserved 1056768K
  class space    used 500K, capacity 529K, committed 640K, reserved 1048576K
}
Event: 0.900 GC heap before
{Heap before GC invocations=4 (full 0):
 garbage-first heap   total 262144K, used 157696K [0x0000000701c00000, 0x0000000800000000)
  region size 2048K, 46 young (94208K), 6 survivors (12288K)
 Metaspace       used 6441K, capacity 6515K, committed 6784K, reserved 1056768K
  class space    used 500K, capacity 529K, committed 640K, reserved 1048576K
}
Event: 0.988 GC heap after
{Heap after GC invocations=5 (full 0):
 garbage-first heap   total 524288K, used 102136K [0x0000000701c00000, 0x0000000800000000)
  region size 2048K, 6 young (12288K), 6 survivors (12288K)
 Metaspace       used 6441K, capacity 6515K, committed 6784K, reserved 1056768K
  class space    used 500K, capacity 529K, committed 640K, reserved 1048576K
}
Event: 1.134 GC heap before
{Heap before GC invocations=5 (full 0):
 garbage-first heap   total 524288K, used 196344K [0x0000000701c00000, 0x0000000800000000)
  region size 2048K, 52 young (106496K), 6 survivors (12288K)
 Metaspace       used 6444K, capacity 6515K, committed 6784K, reserved 1056768K
  class space    used 500K, capacity 529K, committed 640K, reserved 1048576K
}
Event: 1.158 GC heap after
{Heap after GC invocations=6 (full 0):
 garbage-first heap   total 524288K, used 121425K [0x0000000701c00000, 0x0000000800000000)
  region size 2048K, 7 young (14336K), 7 survivors (14336K)
 Metaspace       used 6444K, capacity 6515K, committed 6784K, reserved 1056768K
  class space    used 500K, capacity 529K, committed 640K, reserved 1048576K
}
Event: 1.278 GC heap before
{Heap before GC invocations=6 (full 0):
 garbage-first heap   total 524288K, used 221777K [0x0000000701c00000, 0x0000000800000000)
  region size 2048K, 56 young (114688K), 7 survivors (14336K)
 Metaspace       used 6444K, capacity 6515K, committed 6784K, reserved 1056768K
  class space    used 500K, capacity 529K, committed 640K, reserved 1048576K
}
Event: 1.300 GC heap after
{Heap after GC invocations=7 (full 0):
 garbage-first heap   total 524288K, used 135857K [0x0000000701c00000, 0x0000000800000000)
  region size 2048K, 7 young (14336K), 7 survivors (14336K)
 Metaspace       used 6444K, capacity 6515K, committed 6784K, reserved 1056768K
  class space    used 500K, capacity 529K, committed 640K, reserved 1048576K
}
Event: 1.372 GC heap before
{Heap before GC invocations=7 (full 0):
 garbage-first heap   total 524288K, used 199345K [0x0000000701c00000, 0x0000000800000000)
  region size 2048K, 38 young (77824K), 7 survivors (14336K)
 Metaspace       used 6444K, capacity 6515K, committed 6784K, reserved 1056768K
  class space    used 500K, capacity 529K, committed 640K, reserved 1048576K
}
Event: 1.395 GC heap after
{Heap after GC invocations=8 (full 0):
 garbage-first heap   total 524288K, used 145784K [0x0000000701c00000, 0x0000000800000000)
  region size 2048K, 5 young (10240K), 5 survivors (10240K)
 Metaspace       used 6444K, capacity 6515K, committed 6784K, reserved 1056768K
  class space    used 500K, capacity 529K, committed 640K, reserved 1048576K
}
Event: 1.450 GC heap before
{Heap before GC invocations=8 (full 0):
 garbage-first heap   total 524288K, used 205176K [0x0000000701c00000, 0x0000000800000000)
  region size 2048K, 34 young (69632K), 5 survivors (10240K)
 Metaspace       used 6444K, capacity 6515K, committed 6784K, reserved 1056768K
  class space    used 500K, capacity 529K, committed 640K, reserved 1048576K
}

Deoptimization events (20 events):
Event: 1.198 Thread 0x00000236d3cb6210 DEOPT PACKING pc=0x00000236d7d3cb76 sp=0x000000c0206fec30
Event: 1.198 Thread 0x00000236d3cb6210 DEOPT UNPACKING pc=0x00000236d771e23f sp=0x000000c0206fe308 mode 0
Event: 1.209 Thread 0x00000236d3cb6210 DEOPT PACKING pc=0x00000236d7d3cb76 sp=0x000000c0206fec30
Event: 1.209 Thread 0x00000236d3cb6210 DEOPT UNPACKING pc=0x00000236d771e23f sp=0x000000c0206fe308 mode 0
Event: 1.221 Thread 0x00000236d3cb6210 DEOPT PACKING pc=0x00000236d7d3cb76 sp=0x000000c0206fec30
Event: 1.221 Thread 0x00000236d3cb6210 DEOPT UNPACKING pc=0x00000236d771e23f sp=0x000000c0206fe308 mode 0
Event: 1.232 Thread 0x00000236d3cb6210 DEOPT PACKING pc=0x00000236d7d3cb76 sp=0x000000c0206fec30
Event: 1.232 Thread 0x00000236d3cb6210 DEOPT UNPACKING pc=0x00000236d771e23f sp=0x000000c0206fe308 mode 0
Event: 1.243 Thread 0x00000236d3cb6210 DEOPT PACKING pc=0x00000236d7d3cb76 sp=0x000000c0206fec30
Event: 1.243 Thread 0x00000236d3cb6210 DEOPT UNPACKING pc=0x00000236d771e23f sp=0x000000c0206fe308 mode 0
Event: 1.253 Thread 0x00000236d3cb6210 DEOPT PACKING pc=0x00000236d7d3cb76 sp=0x000000c0206fec30
Event: 1.253 Thread 0x00000236d3cb6210 DEOPT UNPACKING pc=0x00000236d771e23f sp=0x000000c0206fe308 mode 0
Event: 1.263 Thread 0x00000236d3cb6210 DEOPT PACKING pc=0x00000236d7d3cb76 sp=0x000000c0206fec30
Event: 1.263 Thread 0x00000236d3cb6210 DEOPT UNPACKING pc=0x00000236d771e23f sp=0x000000c0206fe308 mode 0
Event: 1.277 Thread 0x00000236d3cb6210 DEOPT PACKING pc=0x00000236d7d3cb76 sp=0x000000c0206fec30
Event: 1.277 Thread 0x00000236d3cb6210 DEOPT UNPACKING pc=0x00000236d771e23f sp=0x000000c0206fe308 mode 0
Event: 1.322 Thread 0x00000236d3cb6210 DEOPT PACKING pc=0x00000236d7d3cb76 sp=0x000000c0206fec30
Event: 1.322 Thread 0x00000236d3cb6210 DEOPT UNPACKING pc=0x00000236d771e23f sp=0x000000c0206fe308 mode 0
Event: 1.332 Thread 0x00000236d3cb6210 DEOPT PACKING pc=0x00000236d7d3cb76 sp=0x000000c0206fec30
Event: 1.332 Thread 0x00000236d3cb6210 DEOPT UNPACKING pc=0x00000236d771e23f sp=0x000000c0206fe308 mode 0

Classes unloaded (0 events):
No events

Classes redefined (0 events):
No events

Internal exceptions (0 events):
No events

Events (20 events):
Event: 0.454 Executing VM operation: HandshakeAllThreads
Event: 0.454 Executing VM operation: HandshakeAllThreads done
Event: 0.738 Executing VM operation: G1CollectForAllocation
Event: 0.775 Executing VM operation: G1CollectForAllocation done
Event: 0.775 Executing VM operation: HandshakeAllThreads
Event: 0.775 Executing VM operation: HandshakeAllThreads done
Event: 0.823 Executing VM operation: G1CollectForAllocation
Event: 0.854 Executing VM operation: G1CollectForAllocation done
Event: 0.900 Executing VM operation: G1CollectForAllocation
Event: 0.988 Executing VM operation: G1CollectForAllocation done
Event: 1.032 Thread 0x00000236f3619330 Thread exited: 0x00000236f3619330
Event: 1.032 Thread 0x00000236f3aba420 Thread exited: 0x00000236f3aba420
Event: 1.062 Thread 0x00000236f3aba420 Thread added: 0x00000236f3aba420
Event: 1.134 Executing VM operation: G1CollectForAllocation
Event: 1.158 Executing VM operation: G1CollectForAllocation done
Event: 1.278 Executing VM operation: G1CollectForAllocation
Event: 1.300 Executing VM operation: G1CollectForAllocation done
Event: 1.372 Executing VM operation: G1CollectForAllocation
Event: 1.395 Executing VM operation: G1CollectForAllocation done
Event: 1.450 Executing VM operation: G1CollectForAllocation


Dynamic libraries:
0x00007ff708c20000 - 0x00007ff708c2d000 	C:\Users\mikel\.p2\pool\plugins\org.eclipse.justj.openjdk.hotspot.jre.full.win32.x86_64_15.0.2.v20210201-0955\jre\bin\javaw.exe
0x00007ffe20e30000 - 0x00007ffe21025000 	C:\WINDOWS\SYSTEM32\ntdll.dll
0x00007ffe1fc40000 - 0x00007ffe1fcfd000 	C:\WINDOWS\System32\KERNEL32.DLL
0x00007ffe1e560000 - 0x00007ffe1e829000 	C:\WINDOWS\System32\KERNELBASE.dll
0x00007ffe1e8d0000 - 0x00007ffe1e9d0000 	C:\WINDOWS\System32\ucrtbase.dll
0x00007ffe1aaa0000 - 0x00007ffe1aab8000 	C:\Users\mikel\.p2\pool\plugins\org.eclipse.justj.openjdk.hotspot.jre.full.win32.x86_64_15.0.2.v20210201-0955\jre\bin\jli.dll
0x00007ffe10e00000 - 0x00007ffe10e19000 	C:\Users\mikel\.p2\pool\plugins\org.eclipse.justj.openjdk.hotspot.jre.full.win32.x86_64_15.0.2.v20210201-0955\jre\bin\VCRUNTIME140.dll
0x00007ffe20860000 - 0x00007ffe20a00000 	C:\WINDOWS\System32\USER32.dll
0x00007ffe1ea80000 - 0x00007ffe1eaa2000 	C:\WINDOWS\System32\win32u.dll
0x00007ffe08280000 - 0x00007ffe0851a000 	C:\WINDOWS\WinSxS\amd64_microsoft.windows.common-controls_6595b64144ccf1df_6.0.19041.1110_none_60b5254171f9507e\COMCTL32.dll
0x00007ffe20b60000 - 0x00007ffe20b8a000 	C:\WINDOWS\System32\GDI32.dll
0x00007ffe1fe10000 - 0x00007ffe1feae000 	C:\WINDOWS\System32\msvcrt.dll
0x00007ffe1eb40000 - 0x00007ffe1ec4b000 	C:\WINDOWS\System32\gdi32full.dll
0x00007ffe1e830000 - 0x00007ffe1e8cd000 	C:\WINDOWS\System32\msvcp_win.dll
0x00007ffe20b30000 - 0x00007ffe20b60000 	C:\WINDOWS\System32\IMM32.DLL
0x00007ffe1ab40000 - 0x00007ffe1ab4c000 	C:\Users\mikel\.p2\pool\plugins\org.eclipse.justj.openjdk.hotspot.jre.full.win32.x86_64_15.0.2.v20210201-0955\jre\bin\vcruntime140_1.dll
0x00007ffdfbb70000 - 0x00007ffdfbc01000 	C:\Users\mikel\.p2\pool\plugins\org.eclipse.justj.openjdk.hotspot.jre.full.win32.x86_64_15.0.2.v20210201-0955\jre\bin\msvcp140.dll
0x00007ffdd4ba0000 - 0x00007ffdd56fe000 	C:\Users\mikel\.p2\pool\plugins\org.eclipse.justj.openjdk.hotspot.jre.full.win32.x86_64_15.0.2.v20210201-0955\jre\bin\server\jvm.dll
0x00007ffe20a20000 - 0x00007ffe20acc000 	C:\WINDOWS\System32\ADVAPI32.dll
0x00007ffe1fd00000 - 0x00007ffe1fd9b000 	C:\WINDOWS\System32\sechost.dll
0x00007ffe20060000 - 0x00007ffe2018a000 	C:\WINDOWS\System32\RPCRT4.dll
0x00007ffe20460000 - 0x00007ffe20468000 	C:\WINDOWS\System32\PSAPI.DLL
0x00007ffe13150000 - 0x00007ffe13177000 	C:\WINDOWS\SYSTEM32\WINMM.dll
0x00007ffe08f30000 - 0x00007ffe08f39000 	C:\WINDOWS\SYSTEM32\WSOCK32.dll
0x00007ffe162a0000 - 0x00007ffe162aa000 	C:\WINDOWS\SYSTEM32\VERSION.dll
0x00007ffe20190000 - 0x00007ffe201fb000 	C:\WINDOWS\System32\WS2_32.dll
0x00007ffe1c470000 - 0x00007ffe1c482000 	C:\WINDOWS\SYSTEM32\kernel.appcore.dll
0x00007ffe18810000 - 0x00007ffe1881a000 	C:\Users\mikel\.p2\pool\plugins\org.eclipse.justj.openjdk.hotspot.jre.full.win32.x86_64_15.0.2.v20210201-0955\jre\bin\jimage.dll
0x00007ffe05170000 - 0x00007ffe05354000 	C:\WINDOWS\SYSTEM32\DBGHELP.DLL
0x00007ffe04f50000 - 0x00007ffe04f7c000 	C:\WINDOWS\SYSTEM32\dbgcore.DLL
0x00007ffe1eab0000 - 0x00007ffe1eb33000 	C:\WINDOWS\System32\bcryptPrimitives.dll
0x00007ffdfbec0000 - 0x00007ffdfbee5000 	C:\Users\mikel\.p2\pool\plugins\org.eclipse.justj.openjdk.hotspot.jre.full.win32.x86_64_15.0.2.v20210201-0955\jre\bin\java.dll
0x00007ffdfbe70000 - 0x00007ffdfbe88000 	C:\Users\mikel\.p2\pool\plugins\org.eclipse.justj.openjdk.hotspot.jre.full.win32.x86_64_15.0.2.v20210201-0955\jre\bin\zip.dll
0x00007ffe1efc0000 - 0x00007ffe1f6ff000 	C:\WINDOWS\System32\SHELL32.dll
0x00007ffe1c670000 - 0x00007ffe1ce00000 	C:\WINDOWS\SYSTEM32\windows.storage.dll
0x00007ffe20470000 - 0x00007ffe207c5000 	C:\WINDOWS\System32\combase.dll
0x00007ffe1dfc0000 - 0x00007ffe1dfec000 	C:\WINDOWS\SYSTEM32\Wldp.dll
0x00007ffe20200000 - 0x00007ffe202ae000 	C:\WINDOWS\System32\SHCORE.dll
0x00007ffe20ad0000 - 0x00007ffe20b25000 	C:\WINDOWS\System32\shlwapi.dll
0x00007ffe1e4a0000 - 0x00007ffe1e4bf000 	C:\WINDOWS\SYSTEM32\profapi.dll
0x00007ffdf92e0000 - 0x00007ffdf92f9000 	C:\Users\mikel\.p2\pool\plugins\org.eclipse.justj.openjdk.hotspot.jre.full.win32.x86_64_15.0.2.v20210201-0955\jre\bin\net.dll
0x00007ffe101d0000 - 0x00007ffe102d8000 	C:\WINDOWS\SYSTEM32\WINHTTP.dll
0x00007ffe1dd20000 - 0x00007ffe1dd8a000 	C:\WINDOWS\system32\mswsock.dll
0x00007ffdf92c0000 - 0x00007ffdf92d2000 	C:\Users\mikel\.p2\pool\plugins\org.eclipse.justj.openjdk.hotspot.jre.full.win32.x86_64_15.0.2.v20210201-0955\jre\bin\nio.dll

dbghelp: loaded successfully - version: 4.0.5 - missing functions: none
symbol engine: initialized successfully - sym options: 0x614 - pdb path: .;C:\Users\mikel\.p2\pool\plugins\org.eclipse.justj.openjdk.hotspot.jre.full.win32.x86_64_15.0.2.v20210201-0955\jre\bin;C:\WINDOWS\SYSTEM32;C:\WINDOWS\WinSxS\amd64_microsoft.windows.common-controls_6595b64144ccf1df_6.0.19041.1110_none_60b5254171f9507e;C:\Users\mikel\.p2\pool\plugins\org.eclipse.justj.openjdk.hotspot.jre.full.win32.x86_64_15.0.2.v20210201-0955\jre\bin\server

VM Arguments:
jvm_args: -Dfile.encoding=Cp1252 -XX:+ShowCodeDetailsInExceptionMessages 
java_command: main.DagHomIEFltSimMain Email_lb20.dag lb20_cyc_m_2Eviews_q9.qry
java_class_path (initial): D:\Documents\_prog\prog_cust\eclipse-workspace\graphhom\target\classes;D:\Documents\_prog\prog_noncust\graphhom\RoaringBitmap-0.8.21.jar;D:\Documents\_prog\prog_noncust\graphhom\guava-19.0.jar;D:\Documents\_prog\prog_noncust\graphhom\algs4.jar;C:\Users\mikel\.m2\repository\org\jgrapht\jgrapht-core\1.5.0\jgrapht-core-1.5.0.jar;C:\Users\mikel\.m2\repository\org\jheaps\jheaps\0.13\jheaps-0.13.jar
Launcher Type: SUN_STANDARD

[Global flags]
     intx CICompilerCount                          = 4                                         {product} {ergonomic}
     uint ConcGCThreads                            = 2                                         {product} {ergonomic}
     uint G1ConcRefinementThreads                  = 8                                         {product} {ergonomic}
   size_t G1HeapRegionSize                         = 2097152                                   {product} {ergonomic}
    uintx GCDrainStackTargetSize                   = 64                                        {product} {ergonomic}
   size_t InitialHeapSize                          = 268435456                                 {product} {ergonomic}
   size_t MarkStackSize                            = 4194304                                   {product} {ergonomic}
   size_t MaxHeapSize                              = 4265607168                                {product} {ergonomic}
   size_t MaxNewSize                               = 2558525440                                {product} {ergonomic}
   size_t MinHeapDeltaBytes                        = 2097152                                   {product} {ergonomic}
   size_t MinHeapSize                              = 8388608                                   {product} {ergonomic}
    uintx NonNMethodCodeHeapSize                   = 5839372                                {pd product} {ergonomic}
    uintx NonProfiledCodeHeapSize                  = 122909434                              {pd product} {ergonomic}
    uintx ProfiledCodeHeapSize                     = 122909434                              {pd product} {ergonomic}
    uintx ReservedCodeCacheSize                    = 251658240                              {pd product} {ergonomic}
     bool SegmentedCodeCache                       = true                                      {product} {ergonomic}
     bool ShowCodeDetailsInExceptionMessages       = true                                   {manageable} {command line}
   size_t SoftMaxHeapSize                          = 4265607168                             {manageable} {ergonomic}
     bool UseCompressedClassPointers               = true                                 {lp64_product} {ergonomic}
     bool UseCompressedOops                        = true                                 {lp64_product} {ergonomic}
     bool UseG1GC                                  = true                                      {product} {ergonomic}
     bool UseLargePagesIndividualAllocation        = false                                  {pd product} {ergonomic}

Logging:
Log output configuration:
 #0: stdout all=warning uptime,level,tags
 #1: stderr all=off uptime,level,tags

Environment Variables:
PATH=C:/Users/mikel/.p2/pool/plugins/org.eclipse.justj.openjdk.hotspot.jre.full.win32.x86_64_15.0.2.v20210201-0955/jre/bin/server;C:/Users/mikel/.p2/pool/plugins/org.eclipse.justj.openjdk.hotspot.jre.full.win32.x86_64_15.0.2.v20210201-0955/jre/bin;D:\Program Files\mingw\bin;C:\Program Files\NVIDIA GPU Computing Toolkit\CUDA\v10.2\bin;C:\Program Files\NVIDIA GPU Computing Toolkit\CUDA\v10.2\libnvvp;C:\Program Files\NVIDIA GPU Computing Toolkit\CUDA\v10.0\bin;C:\Program Files\NVIDIA GPU Computing Toolkit\CUDA\v10.0\libnvvp;C:\Program Files\Haskell\bin;D:\Program Files\Haskell Platform\8.4.3\lib\extralibs\bin;D:\Program Files\Haskell Platform\8.4.3\bin;C:\Program Files\NVIDIA GPU Computing Toolkit\CUDA\v9.0\bin;C:\Program Files\NVIDIA GPU Computing Toolkit\CUDA\v9.0\libnvvp;C:\Program Files\NVIDIA GPU Computing Toolkit\CUDA\v9.2\bin;C:\Program Files\NVIDIA GPU Computing Toolkit\CUDA\v9.2\libnvvp;C:\Program Files\Microsoft MPI\Bin\;C:\Program Files (x86)\Common Files\Oracle\Java\javapath;C:\Program Files (x86)\Intel\iCLS Client\;C:\Program Files\Intel\iCLS Client\;C:\Windows\system32;C:\Windows;C:\Windows\System32\Wbem;C:\Windows\System32\WindowsPowerShell\v1.0\;C:\Program Files (x86)\Intel\Intel(R) Management Engine Components\DAL;C:\Program Files\Intel\Intel(R) Management Engine Components\DAL;C:\Program Files (x86)\Intel\Intel(R) Management Engine Components\IPT;C:\Program Files\Intel\Intel(R) Management Engine Components\IPT;C:\Program Files (x86)\NVIDIA Corporation\PhysX\Common;C:\Program Files\TortoiseGit\bin;C:\Program Files\Microsoft VS Code\bin;C:\Program Files\Java\jdk-10.0.2\bin;C:\Program Files (x86)\sbt\bin;C:\Program Files\nodejs\;C:\Program Files\dotnet\;C:\Program Files\Microsoft SQL Server\130\Tools\Binn\;C:\WINDOWS\system32;C:\WINDOWS;C:\WINDOWS\System32\Wbem;C:\WINDOWS\System32\WindowsPowerShell\v1.0\;C:\WINDOWS\System32\OpenSSH\;D:\Program Files\MiKTeX\miktex\bin\x64\;D:\Program Files\Haskell Platform\8.4.3\mingw\bin;D:\Program Files\cmake\bin;D:\Progra
USERNAME=mikel
OS=Windows_NT
PROCESSOR_IDENTIFIER=Intel64 Family 6 Model 158 Stepping 9, GenuineIntel



---------------  S Y S T E M  ---------------

OS:
 Windows 10 , 64 bit Build 19041 (10.0.19041.1151)
OS uptime: 0 days 1:23 hours

CPU: total 8 (initial active 8) (4 cores per cpu, 2 threads per core) family 6 model 158 stepping 9 microcode 0xb4, cmov, cx8, fxsr, mmx, sse, sse2, sse3, ssse3, sse4.1, sse4.2, popcnt, vzeroupper, avx, avx2, aes, clmul, erms, 3dnowpref, lzcnt, ht, tsc, tscinvbit, bmi1, bmi2, adx, fma, clflush, clflushopt

Memory: 4k page, system-wide physical 16267M (3431M free)
TotalPageFile size 46435M (AvailPageFile size 310M)
current process WorkingSet (physical memory assigned to process): 426M, peak: 428M
current process commit charge ("private bytes"): 619M, peak: 1489M

vm_info: OpenJDK 64-Bit Server VM (15.0.2+7-27) for windows-amd64 JRE (15.0.2+7-27), built on Dec  7 2020 20:02:38 by "mach5one" with unknown MS VC++:1925

END.
